<?xml version="1.0" encoding="UTF-8"?>
<robot generator="Robot 6.0.2 (Python 3.11.3 on win32)" generated="20230522 21:20:46.666" rpa="false" schemaversion="3">
<suite id="s1" name="Radiobotton" source="C:\Users\Dayen\OneDrive\Área de Trabalho\Testes Automatizados\QA_azurewebsites\radiobotton.robot">
<test id="s1-t1" name="Cenário 1: Preencher mais dados" line="27">
<kw name="abrir site">
<kw name="Open Browser" library="SeleniumLibrary">
<arg>https://itera-qa.azurewebsites.net/home/automation</arg>
<arg>chrome</arg>
<doc>Opens a new browser instance to the optional ``url``.</doc>
<msg timestamp="20230522 21:20:46.929" level="INFO">Opening browser 'chrome' to base url 'https://itera-qa.azurewebsites.net/home/automation'.</msg>
<status status="PASS" starttime="20230522 21:20:46.927" endtime="20230522 21:20:49.938"/>
</kw>
<status status="PASS" starttime="20230522 21:20:46.927" endtime="20230522 21:20:49.938"/>
</kw>
<kw name="Informa dados">
<kw name="Click Element" library="SeleniumLibrary">
<arg>//label[@for='1year']</arg>
<doc>Click the element identified by ``locator``.</doc>
<msg timestamp="20230522 21:20:49.940" level="INFO">Clicking element '//label[@for='1year']'.</msg>
<status status="PASS" starttime="20230522 21:20:49.940" endtime="20230522 21:20:50.037"/>
</kw>
<status status="PASS" starttime="20230522 21:20:49.939" endtime="20230522 21:20:50.037"/>
</kw>
<kw name="Sleep" library="BuiltIn">
<arg>5s</arg>
<doc>Pauses the test executed for the given time.</doc>
<msg timestamp="20230522 21:20:55.039" level="INFO">Slept 5 seconds</msg>
<status status="PASS" starttime="20230522 21:20:50.038" endtime="20230522 21:20:55.039"/>
</kw>
<kw name="Fechar navegador">
<kw name="Close Browser" library="SeleniumLibrary">
<doc>Closes the current browser.</doc>
<status status="PASS" starttime="20230522 21:20:55.039" endtime="20230522 21:20:57.255"/>
</kw>
<status status="PASS" starttime="20230522 21:20:55.039" endtime="20230522 21:20:57.255"/>
</kw>
<status status="PASS" starttime="20230522 21:20:46.914" endtime="20230522 21:20:57.256"/>
</test>
<status status="PASS" starttime="20230522 21:20:46.668" endtime="20230522 21:20:57.260"/>
</suite>
<statistics>
<total>
<stat pass="1" fail="0" skip="0">All Tests</stat>
</total>
<tag>
</tag>
<suite>
<stat pass="1" fail="0" skip="0" id="s1" name="Radiobotton">Radiobotton</stat>
</suite>
</statistics>
<errors>
</errors>
</robot>
